<?xml version="1.0" encoding="UTF-8"?>
<testng-results ignored="0" total="1" passed="1" failed="0" skipped="0">
  <reporter-output>
  </reporter-output>
  <suite started-at="2022-05-18T13:02:06 IST" name="ExampleSuite" finished-at="2022-05-18T13:02:13 IST" duration-ms="6702">
    <groups>
    </groups>
    <test started-at="2022-05-18T13:02:06 IST" name="Examples" finished-at="2022-05-18T13:02:06 IST" duration-ms="7">
    </test> <!-- Examples -->
    <test started-at="2022-05-18T13:02:06 IST" name="Activities" finished-at="2022-05-18T13:02:13 IST" duration-ms="6637">
      <class name="Activities.Activity1">
        <test-method is-config="true" signature="setup()[pri:0, instance:Activities.Activity1@3b0090a4]" started-at="2022-05-18T13:02:06 IST" name="setup" finished-at="2022-05-18T13:02:11 IST" duration-ms="4803" status="PASS">
          <reporter-output>
          </reporter-output>
        </test-method> <!-- setup -->
        <test-method signature="homepageTest()[pri:0, instance:Activities.Activity1@3b0090a4]" started-at="2022-05-18T13:02:11 IST" name="homepageTest" finished-at="2022-05-18T13:02:12 IST" duration-ms="399" status="PASS">
          <reporter-output>
          </reporter-output>
        </test-method> <!-- homepageTest -->
        <test-method is-config="true" signature="tearDown()[pri:0, instance:Activities.Activity1@3b0090a4]" started-at="2022-05-18T13:02:12 IST" name="tearDown" finished-at="2022-05-18T13:02:13 IST" duration-ms="1407" status="PASS">
          <reporter-output>
          </reporter-output>
        </test-method> <!-- tearDown -->
      </class> <!-- Activities.Activity1 -->
    </test> <!-- Activities -->
  </suite> <!-- ExampleSuite -->
</testng-results>
